Determining if the pthread_create exist failed with the following output:
Change Dir: /home/aref/test/q3at/build/CMakeFiles/CMakeTmp

Run Build Command:"/usr/bin/make" "cmTC_3476b/fast"
/usr/bin/make -f CMakeFiles/cmTC_3476b.dir/build.make CMakeFiles/cmTC_3476b.dir/build
make[1]: Entering directory '/home/aref/test/q3at/build/CMakeFiles/CMakeTmp'
Building C object CMakeFiles/cmTC_3476b.dir/CheckSymbolExists.c.o
/usr/bin/cc     -o CMakeFiles/cmTC_3476b.dir/CheckSymbolExists.c.o   -c /home/aref/test/q3at/build/CMakeFiles/CMakeTmp/CheckSymbolExists.c
Linking C executable cmTC_3476b
/usr/bin/cmake -E cmake_link_script CMakeFiles/cmTC_3476b.dir/link.txt --verbose=1
/usr/bin/cc       CMakeFiles/cmTC_3476b.dir/CheckSymbolExists.c.o  -o cmTC_3476b -rdynamic 
CMakeFiles/cmTC_3476b.dir/CheckSymbolExists.c.o: In function `main':
CheckSymbolExists.c:(.text+0x16): undefined reference to `pthread_create'
collect2: error: ld returned 1 exit status
CMakeFiles/cmTC_3476b.dir/build.make:97: recipe for target 'cmTC_3476b' failed
make[1]: *** [cmTC_3476b] Error 1
make[1]: Leaving directory '/home/aref/test/q3at/build/CMakeFiles/CMakeTmp'
Makefile:126: recipe for target 'cmTC_3476b/fast' failed
make: *** [cmTC_3476b/fast] Error 2

File /home/aref/test/q3at/build/CMakeFiles/CMakeTmp/CheckSymbolExists.c:
/* */
#include <pthread.h>

int main(int argc, char** argv)
{
  (void)argv;
#ifndef pthread_create
  return ((int*)(&pthread_create))[argc];
#else
  (void)argc;
  return 0;
#endif
}

Determining if the function pthread_create exists in the pthreads failed with the following output:
Change Dir: /home/aref/test/q3at/build/CMakeFiles/CMakeTmp

Run Build Command:"/usr/bin/make" "cmTC_7a31e/fast"
/usr/bin/make -f CMakeFiles/cmTC_7a31e.dir/build.make CMakeFiles/cmTC_7a31e.dir/build
make[1]: Entering directory '/home/aref/test/q3at/build/CMakeFiles/CMakeTmp'
Building C object CMakeFiles/cmTC_7a31e.dir/CheckFunctionExists.c.o
/usr/bin/cc    -DCHECK_FUNCTION_EXISTS=pthread_create   -o CMakeFiles/cmTC_7a31e.dir/CheckFunctionExists.c.o   -c /usr/share/cmake-3.5/Modules/CheckFunctionExists.c
Linking C executable cmTC_7a31e
/usr/bin/cmake -E cmake_link_script CMakeFiles/cmTC_7a31e.dir/link.txt --verbose=1
/usr/bin/cc   -DCHECK_FUNCTION_EXISTS=pthread_create    CMakeFiles/cmTC_7a31e.dir/CheckFunctionExists.c.o  -o cmTC_7a31e -rdynamic -lpthreads 
/usr/bin/ld: cannot find -lpthreads
collect2: error: ld returned 1 exit status
CMakeFiles/cmTC_7a31e.dir/build.make:97: recipe for target 'cmTC_7a31e' failed
make[1]: *** [cmTC_7a31e] Error 1
make[1]: Leaving directory '/home/aref/test/q3at/build/CMakeFiles/CMakeTmp'
Makefile:126: recipe for target 'cmTC_7a31e/fast' failed
make: *** [cmTC_7a31e/fast] Error 2


